* : key(7) size(14) val(23) & level(1)array (
  0 => 40,
  1 => 18,
  2 => 56,
  3 => 6,
  4 => 1,
  5 => -6,
  6 => 45,
  8 => 44,
  9 => 98,
  10 => 21,
  11 => 14,
  12 => 32,
  13 => 63,
  14 => -9,
)
**L : key(3) size(6) val(-6) & level(2)array (
  0 => 18,
  1 => 6,
  2 => 1,
  4 => 21,
  5 => 14,
  6 => -9,
)
***R : key(2) size(4) val(1) & level(3)array (
  0 => 18,
  1 => 6,
  3 => 21,
  4 => 14,
)
****R : key(1) size(3) val(6) & level(4)array (
  0 => 18,
  2 => 21,
  3 => 14,
)
*****R : key(1) size(2) val(21) & level(5)array (
  0 => 18,
  2 => 14,
)
******L : key(0) size(1) val(18) & level(6)array (
  1 => 14,
)
**R : key(3) size(6) val(44) & level(2)array (
  0 => 40,
  1 => 56,
  2 => 45,
  4 => 98,
  5 => 32,
  6 => 63,
)
***L : key(0) size(1) val(40) & level(3)array (
  1 => 32,
)
***R : key(1) size(3) val(45) & level(3)array (
  0 => 56,
  2 => 98,
  3 => 63,
)
****R : key(1) size(2) val(98) & level(4)array (
  0 => 56,
  2 => 63,
)
*****L : key(0) size(1) val(56) & level(5)array (
  1 => 63,
)
array (
  0 => -9,
  1 => -6,
  2 => 1,
  3 => 6,
  4 => 14,
  5 => 18,
  6 => 21,
  7 => 23,
  8 => 32,
  9 => 40,
  10 => 44,
  11 => 45,
  12 => 56,
  13 => 63,
  14 => 98,
)